<?xml version="1.0" encoding="UTF-8" ?>
<testsuite failures="0" time="0.005" errors="0" skipped="0" tests="77" name="org.apache.commons.lang3.text.StrBuilderTest">
  <properties>
    <property name="java.runtime.name" value="Java(TM) SE Runtime Environment"/>
    <property name="sun.boot.library.path" value="/usr/java/jdk1.7.0_80/jre/lib/amd64"/>
    <property name="java.vm.version" value="24.80-b11"/>
    <property name="java.vm.vendor" value="Oracle Corporation"/>
    <property name="java.vendor.url" value="http://java.oracle.com/"/>
    <property name="path.separator" value=":"/>
    <property name="guice.disable.misplaced.annotation.check" value="true"/>
    <property name="java.vm.name" value="Java HotSpot(TM) 64-Bit Server VM"/>
    <property name="file.encoding.pkg" value="sun.io"/>
    <property name="user.country" value="US"/>
    <property name="sun.java.launcher" value="SUN_STANDARD"/>
    <property name="sun.os.patch.level" value="unknown"/>
    <property name="java.vm.specification.name" value="Java Virtual Machine Specification"/>
    <property name="user.dir" value="/home/yiling/work/faultLocalization/AE/tool/examples/Lang-26"/>
    <property name="java.runtime.version" value="1.7.0_80-b15"/>
    <property name="java.awt.graphicsenv" value="sun.awt.X11GraphicsEnvironment"/>
    <property name="java.endorsed.dirs" value="/usr/java/jdk1.7.0_80/jre/lib/endorsed"/>
    <property name="os.arch" value="amd64"/>
    <property name="java.io.tmpdir" value="/tmp"/>
    <property name="line.separator" value="
"/>
    <property name="java.vm.specification.vendor" value="Oracle Corporation"/>
    <property name="os.name" value="Linux"/>
    <property name="https.protocols" value="TLSv1.2"/>
    <property name="classworlds.conf" value="/usr/share/maven/bin/m2.conf"/>
    <property name="sun.jnu.encoding" value="UTF-8"/>
    <property name="java.library.path" value="/usr/java/packages/lib/amd64:/usr/lib64:/lib64:/lib:/usr/lib"/>
    <property name="java.specification.name" value="Java Platform API Specification"/>
    <property name="java.class.version" value="51.0"/>
    <property name="sun.management.compiler" value="HotSpot 64-Bit Tiered Compilers"/>
    <property name="os.version" value="3.19.0-47-generic"/>
    <property name="user.home" value="/home/yiling"/>
    <property name="user.timezone" value="Asia/Harbin"/>
    <property name="java.awt.printerjob" value="sun.print.PSPrinterJob"/>
    <property name="file.encoding" value="UTF-8"/>
    <property name="java.specification.version" value="1.7"/>
    <property name="user.name" value="yiling"/>
    <property name="java.class.path" value="/usr/share/maven/boot/plexus-classworlds-2.x.jar"/>
    <property name="java.vm.specification.version" value="1.7"/>
    <property name="sun.arch.data.model" value="64"/>
    <property name="java.home" value="/usr/java/jdk1.7.0_80/jre"/>
    <property name="sun.java.command" value="org.codehaus.plexus.classworlds.launcher.Launcher clean test -Dhttps.protocols=TLSv1.2"/>
    <property name="java.specification.vendor" value="Oracle Corporation"/>
    <property name="user.language" value="en"/>
    <property name="awt.toolkit" value="sun.awt.X11.XToolkit"/>
    <property name="java.vm.info" value="mixed mode"/>
    <property name="java.version" value="1.7.0_80"/>
    <property name="java.ext.dirs" value="/usr/java/jdk1.7.0_80/jre/lib/ext:/usr/java/packages/lib/ext"/>
    <property name="securerandom.source" value="file:/dev/./urandom"/>
    <property name="sun.boot.class.path" value="/usr/java/jdk1.7.0_80/jre/lib/resources.jar:/usr/java/jdk1.7.0_80/jre/lib/rt.jar:/usr/java/jdk1.7.0_80/jre/lib/sunrsasign.jar:/usr/java/jdk1.7.0_80/jre/lib/jsse.jar:/usr/java/jdk1.7.0_80/jre/lib/jce.jar:/usr/java/jdk1.7.0_80/jre/lib/charsets.jar:/usr/java/jdk1.7.0_80/jre/lib/jfr.jar:/usr/java/jdk1.7.0_80/jre/classes"/>
    <property name="java.vendor" value="Oracle Corporation"/>
    <property name="maven.home" value="/usr/share/maven"/>
    <property name="file.separator" value="/"/>
    <property name="java.vendor.url.bug" value="http://bugreport.sun.com/bugreport/"/>
    <property name="sun.cpu.endian" value="little"/>
    <property name="sun.io.unicode.encoding" value="UnicodeLittle"/>
    <property name="sun.cpu.isalist" value=""/>
  </properties>
  <testcase time="0.001" classname="org.apache.commons.lang3.text.StrBuilderTest" name="testAsTokenizer"/>
  <testcase time="0" classname="org.apache.commons.lang3.text.StrBuilderTest" name="testDeleteFirst_StrMatcher"/>
  <testcase time="0" classname="org.apache.commons.lang3.text.StrBuilderTest" name="testReplaceFirst_StrMatcher_String"/>
  <testcase time="0" classname="org.apache.commons.lang3.text.StrBuilderTest" name="testDeleteAll_String"/>
  <testcase time="0" classname="org.apache.commons.lang3.text.StrBuilderTest" name="testEndsWith"/>
  <testcase time="0" classname="org.apache.commons.lang3.text.StrBuilderTest" name="testGetSetNullText"/>
  <testcase time="0" classname="org.apache.commons.lang3.text.StrBuilderTest" name="testIndexOfLang294"/>
  <testcase time="0" classname="org.apache.commons.lang3.text.StrBuilderTest" name="testSubSequenceIntInt"/>
  <testcase time="0" classname="org.apache.commons.lang3.text.StrBuilderTest" name="testGetChars"/>
  <testcase time="0" classname="org.apache.commons.lang3.text.StrBuilderTest" name="testLastIndexOf_String"/>
  <testcase time="0" classname="org.apache.commons.lang3.text.StrBuilderTest" name="testDeleteAll_char"/>
  <testcase time="0.001" classname="org.apache.commons.lang3.text.StrBuilderTest" name="testReplace_StrMatcher_String_int_int_int_VaryEndIndex"/>
  <testcase time="0" classname="org.apache.commons.lang3.text.StrBuilderTest" name="testLastIndexOf_char_int"/>
  <testcase time="0" classname="org.apache.commons.lang3.text.StrBuilderTest" name="testClear"/>
  <testcase time="0" classname="org.apache.commons.lang3.text.StrBuilderTest" name="testSize"/>
  <testcase time="0" classname="org.apache.commons.lang3.text.StrBuilderTest" name="testTrim"/>
  <testcase time="0" classname="org.apache.commons.lang3.text.StrBuilderTest" name="testRightString"/>
  <testcase time="0" classname="org.apache.commons.lang3.text.StrBuilderTest" name="testToString"/>
  <testcase time="0" classname="org.apache.commons.lang3.text.StrBuilderTest" name="testConstructors"/>
  <testcase time="0" classname="org.apache.commons.lang3.text.StrBuilderTest" name="testMinimizeCapacity"/>
  <testcase time="0" classname="org.apache.commons.lang3.text.StrBuilderTest" name="testSubstringIntInt"/>
  <testcase time="0" classname="org.apache.commons.lang3.text.StrBuilderTest" name="testLang412Left"/>
  <testcase time="0" classname="org.apache.commons.lang3.text.StrBuilderTest" name="testContains_String"/>
  <testcase time="0" classname="org.apache.commons.lang3.text.StrBuilderTest" name="testEqualsIgnoreCase"/>
  <testcase time="0" classname="org.apache.commons.lang3.text.StrBuilderTest" name="testCapacityAndLength"/>
  <testcase time="0" classname="org.apache.commons.lang3.text.StrBuilderTest" name="testAsReader"/>
  <testcase time="0" classname="org.apache.commons.lang3.text.StrBuilderTest" name="testReplaceAll_String_String"/>
  <testcase time="0" classname="org.apache.commons.lang3.text.StrBuilderTest" name="testAsWriter"/>
  <testcase time="0.001" classname="org.apache.commons.lang3.text.StrBuilderTest" name="testLang294"/>
  <testcase time="0" classname="org.apache.commons.lang3.text.StrBuilderTest" name="testLang295"/>
  <testcase time="0" classname="org.apache.commons.lang3.text.StrBuilderTest" name="testReplaceAll_char_char"/>
  <testcase time="0" classname="org.apache.commons.lang3.text.StrBuilderTest" name="testLastIndexOf_String_int"/>
  <testcase time="0" classname="org.apache.commons.lang3.text.StrBuilderTest" name="testDeleteCharAt"/>
  <testcase time="0" classname="org.apache.commons.lang3.text.StrBuilderTest" name="testReplaceFirst_String_String"/>
  <testcase time="0" classname="org.apache.commons.lang3.text.StrBuilderTest" name="testContains_char"/>
  <testcase time="0" classname="org.apache.commons.lang3.text.StrBuilderTest" name="testDeleteIntInt"/>
  <testcase time="0" classname="org.apache.commons.lang3.text.StrBuilderTest" name="testReplace_StrMatcher_String_int_int_int_VaryCount"/>
  <testcase time="0" classname="org.apache.commons.lang3.text.StrBuilderTest" name="testReplaceFirst_char_char"/>
  <testcase time="0" classname="org.apache.commons.lang3.text.StrBuilderTest" name="testIndexOf_char"/>
  <testcase time="0" classname="org.apache.commons.lang3.text.StrBuilderTest" name="testReplace_int_int_String"/>
  <testcase time="0" classname="org.apache.commons.lang3.text.StrBuilderTest" name="testToCharArray"/>
  <testcase time="0" classname="org.apache.commons.lang3.text.StrBuilderTest" name="testLastIndexOf_StrMatcher"/>
  <testcase time="0" classname="org.apache.commons.lang3.text.StrBuilderTest" name="testIndexOf_StrMatcher_int"/>
  <testcase time="0" classname="org.apache.commons.lang3.text.StrBuilderTest" name="testEnsureCapacity"/>
  <testcase time="0" classname="org.apache.commons.lang3.text.StrBuilderTest" name="testLang412Right"/>
  <testcase time="0" classname="org.apache.commons.lang3.text.StrBuilderTest" name="testDeleteFirst_String"/>
  <testcase time="0" classname="org.apache.commons.lang3.text.StrBuilderTest" name="testMidString"/>
  <testcase time="0" classname="org.apache.commons.lang3.text.StrBuilderTest" name="testReplaceAll_StrMatcher_String"/>
  <testcase time="0" classname="org.apache.commons.lang3.text.StrBuilderTest" name="testCapacity"/>
  <testcase time="0" classname="org.apache.commons.lang3.text.StrBuilderTest" name="testReverse"/>
  <testcase time="0" classname="org.apache.commons.lang3.text.StrBuilderTest" name="testSetCharAt"/>
  <testcase time="0" classname="org.apache.commons.lang3.text.StrBuilderTest" name="testReplace_StrMatcher_String_int_int_int_VaryStartIndex"/>
  <testcase time="0.001" classname="org.apache.commons.lang3.text.StrBuilderTest" name="testHashCode"/>
  <testcase time="0" classname="org.apache.commons.lang3.text.StrBuilderTest" name="testSubstringInt"/>
  <testcase time="0" classname="org.apache.commons.lang3.text.StrBuilderTest" name="testSetLength"/>
  <testcase time="0" classname="org.apache.commons.lang3.text.StrBuilderTest" name="testCharAt"/>
  <testcase time="0" classname="org.apache.commons.lang3.text.StrBuilderTest" name="testReplace_StrMatcher_String_int_int_int_VaryMatcher"/>
  <testcase time="0" classname="org.apache.commons.lang3.text.StrBuilderTest" name="testEquals"/>
  <testcase time="0" classname="org.apache.commons.lang3.text.StrBuilderTest" name="testLastIndexOf_char"/>
  <testcase time="0" classname="org.apache.commons.lang3.text.StrBuilderTest" name="testLeftString"/>
  <testcase time="0" classname="org.apache.commons.lang3.text.StrBuilderTest" name="testIndexOf_String_int"/>
  <testcase time="0" classname="org.apache.commons.lang3.text.StrBuilderTest" name="testContains_StrMatcher"/>
  <testcase time="0" classname="org.apache.commons.lang3.text.StrBuilderTest" name="testLength"/>
  <testcase time="0" classname="org.apache.commons.lang3.text.StrBuilderTest" name="testReplace_StrMatcher_String_int_int_int_VaryReplace"/>
  <testcase time="0" classname="org.apache.commons.lang3.text.StrBuilderTest" name="testDeleteFirst_char"/>
  <testcase time="0" classname="org.apache.commons.lang3.text.StrBuilderTest" name="testDeleteAll_StrMatcher"/>
  <testcase time="0" classname="org.apache.commons.lang3.text.StrBuilderTest" name="testIsEmpty"/>
  <testcase time="0" classname="org.apache.commons.lang3.text.StrBuilderTest" name="testToCharArrayIntInt"/>
  <testcase time="0" classname="org.apache.commons.lang3.text.StrBuilderTest" name="testGetSetNewLineText"/>
  <testcase time="0" classname="org.apache.commons.lang3.text.StrBuilderTest" name="testToStringBuffer"/>
  <testcase time="0" classname="org.apache.commons.lang3.text.StrBuilderTest" name="testIndexOf_String"/>
  <testcase time="0" classname="org.apache.commons.lang3.text.StrBuilderTest" name="testIndexOf_char_int"/>
  <testcase time="0" classname="org.apache.commons.lang3.text.StrBuilderTest" name="testGetCharsIntIntCharArrayInt"/>
  <testcase time="0" classname="org.apache.commons.lang3.text.StrBuilderTest" name="testStartsWith"/>
  <testcase time="0" classname="org.apache.commons.lang3.text.StrBuilderTest" name="testIndexOf_StrMatcher"/>
  <testcase time="0.001" classname="org.apache.commons.lang3.text.StrBuilderTest" name="testLastIndexOf_StrMatcher_int"/>
  <testcase time="0" classname="org.apache.commons.lang3.text.StrBuilderTest" name="testChaining"/>
</testsuite>