<?xml version="1.0" encoding="UTF-8" ?>
<testsuite failures="0" time="0.004" errors="0" skipped="0" tests="31" name="org.apache.commons.lang3.concurrent.ConcurrentUtilsTest">
  <properties>
    <property name="java.runtime.name" value="Java(TM) SE Runtime Environment"/>
    <property name="sun.boot.library.path" value="/usr/java/jdk1.7.0_80/jre/lib/amd64"/>
    <property name="java.vm.version" value="24.80-b11"/>
    <property name="java.vm.vendor" value="Oracle Corporation"/>
    <property name="java.vendor.url" value="http://java.oracle.com/"/>
    <property name="path.separator" value=":"/>
    <property name="guice.disable.misplaced.annotation.check" value="true"/>
    <property name="java.vm.name" value="Java HotSpot(TM) 64-Bit Server VM"/>
    <property name="file.encoding.pkg" value="sun.io"/>
    <property name="user.country" value="US"/>
    <property name="sun.java.launcher" value="SUN_STANDARD"/>
    <property name="sun.os.patch.level" value="unknown"/>
    <property name="java.vm.specification.name" value="Java Virtual Machine Specification"/>
    <property name="user.dir" value="/home/yiling/work/faultLocalization/AE/tool/examples/Lang-26"/>
    <property name="java.runtime.version" value="1.7.0_80-b15"/>
    <property name="java.awt.graphicsenv" value="sun.awt.X11GraphicsEnvironment"/>
    <property name="java.endorsed.dirs" value="/usr/java/jdk1.7.0_80/jre/lib/endorsed"/>
    <property name="os.arch" value="amd64"/>
    <property name="java.io.tmpdir" value="/tmp"/>
    <property name="line.separator" value="
"/>
    <property name="java.vm.specification.vendor" value="Oracle Corporation"/>
    <property name="os.name" value="Linux"/>
    <property name="https.protocols" value="TLSv1.2"/>
    <property name="classworlds.conf" value="/usr/share/maven/bin/m2.conf"/>
    <property name="sun.jnu.encoding" value="UTF-8"/>
    <property name="java.library.path" value="/usr/java/packages/lib/amd64:/usr/lib64:/lib64:/lib:/usr/lib"/>
    <property name="java.specification.name" value="Java Platform API Specification"/>
    <property name="java.class.version" value="51.0"/>
    <property name="sun.management.compiler" value="HotSpot 64-Bit Tiered Compilers"/>
    <property name="os.version" value="3.19.0-47-generic"/>
    <property name="user.home" value="/home/yiling"/>
    <property name="user.timezone" value="Asia/Harbin"/>
    <property name="java.awt.printerjob" value="sun.print.PSPrinterJob"/>
    <property name="file.encoding" value="UTF-8"/>
    <property name="java.specification.version" value="1.7"/>
    <property name="user.name" value="yiling"/>
    <property name="java.class.path" value="/usr/share/maven/boot/plexus-classworlds-2.x.jar"/>
    <property name="java.vm.specification.version" value="1.7"/>
    <property name="sun.arch.data.model" value="64"/>
    <property name="java.home" value="/usr/java/jdk1.7.0_80/jre"/>
    <property name="sun.java.command" value="org.codehaus.plexus.classworlds.launcher.Launcher clean test -Dhttps.protocols=TLSv1.2"/>
    <property name="java.specification.vendor" value="Oracle Corporation"/>
    <property name="user.language" value="en"/>
    <property name="awt.toolkit" value="sun.awt.X11.XToolkit"/>
    <property name="java.vm.info" value="mixed mode"/>
    <property name="java.version" value="1.7.0_80"/>
    <property name="java.ext.dirs" value="/usr/java/jdk1.7.0_80/jre/lib/ext:/usr/java/packages/lib/ext"/>
    <property name="securerandom.source" value="file:/dev/./urandom"/>
    <property name="sun.boot.class.path" value="/usr/java/jdk1.7.0_80/jre/lib/resources.jar:/usr/java/jdk1.7.0_80/jre/lib/rt.jar:/usr/java/jdk1.7.0_80/jre/lib/sunrsasign.jar:/usr/java/jdk1.7.0_80/jre/lib/jsse.jar:/usr/java/jdk1.7.0_80/jre/lib/jce.jar:/usr/java/jdk1.7.0_80/jre/lib/charsets.jar:/usr/java/jdk1.7.0_80/jre/lib/jfr.jar:/usr/java/jdk1.7.0_80/jre/classes"/>
    <property name="java.vendor" value="Oracle Corporation"/>
    <property name="maven.home" value="/usr/share/maven"/>
    <property name="file.separator" value="/"/>
    <property name="java.vendor.url.bug" value="http://bugreport.sun.com/bugreport/"/>
    <property name="sun.cpu.endian" value="little"/>
    <property name="sun.io.unicode.encoding" value="UnicodeLittle"/>
    <property name="sun.cpu.isalist" value=""/>
  </properties>
  <testcase time="0" classname="org.apache.commons.lang3.concurrent.ConcurrentUtilsTest" name="testExtractCauseUncheckedNull"/>
  <testcase time="0" classname="org.apache.commons.lang3.concurrent.ConcurrentUtilsTest" name="testExtractCauseChecked"/>
  <testcase time="0.001" classname="org.apache.commons.lang3.concurrent.ConcurrentUtilsTest" name="testExtractCauseUncheckedNullCause"/>
  <testcase time="0" classname="org.apache.commons.lang3.concurrent.ConcurrentUtilsTest" name="testConstantFuture_Integer"/>
  <testcase time="0" classname="org.apache.commons.lang3.concurrent.ConcurrentUtilsTest" name="testHandleCauseChecked"/>
  <testcase time="0" classname="org.apache.commons.lang3.concurrent.ConcurrentUtilsTest" name="testHandleCauseUncheckedUncheckedException"/>
  <testcase time="0" classname="org.apache.commons.lang3.concurrent.ConcurrentUtilsTest" name="testHandleCauseError"/>
  <testcase time="0" classname="org.apache.commons.lang3.concurrent.ConcurrentUtilsTest" name="testHandleCauseUncheckedError"/>
  <testcase time="0" classname="org.apache.commons.lang3.concurrent.ConcurrentUtilsTest" name="testExtractCauseNull"/>
  <testcase time="0" classname="org.apache.commons.lang3.concurrent.ConcurrentUtilsTest" name="testConcurrentExceptionCauseError"/>
  <testcase time="0" classname="org.apache.commons.lang3.concurrent.ConcurrentUtilsTest" name="testExtractCauseUncheckedException"/>
  <testcase time="0" classname="org.apache.commons.lang3.concurrent.ConcurrentUtilsTest" name="testConcurrentExceptionCauseNull"/>
  <testcase time="0" classname="org.apache.commons.lang3.concurrent.ConcurrentUtilsTest" name="testExtractCauseNullCause"/>
  <testcase time="0" classname="org.apache.commons.lang3.concurrent.ConcurrentUtilsTest" name="testExtractCauseUncheckedUncheckedException"/>
  <testcase time="0" classname="org.apache.commons.lang3.concurrent.ConcurrentUtilsTest" name="testExtractCauseUncheckedError"/>
  <testcase time="0" classname="org.apache.commons.lang3.concurrent.ConcurrentUtilsTest" name="testHandleCauseNull"/>
  <testcase time="0" classname="org.apache.commons.lang3.concurrent.ConcurrentUtilsTest" name="testExtractCauseUncheckedChecked"/>
  <testcase time="0" classname="org.apache.commons.lang3.concurrent.ConcurrentUtilsTest" name="testConstantFuture_null"/>
  <testcase time="0.002" classname="org.apache.commons.lang3.concurrent.ConcurrentUtilsTest" name="testInitialize"/>
  <testcase time="0" classname="org.apache.commons.lang3.concurrent.ConcurrentUtilsTest" name="testHandleCauseUncheckedChecked"/>
  <testcase time="0" classname="org.apache.commons.lang3.concurrent.ConcurrentUtilsTest" name="testConcurrentRuntimeExceptionCauseUnchecked"/>
  <testcase time="0" classname="org.apache.commons.lang3.concurrent.ConcurrentUtilsTest" name="testExtractCauseError"/>
  <testcase time="0" classname="org.apache.commons.lang3.concurrent.ConcurrentUtilsTest" name="testInitializeNull"/>
  <testcase time="0" classname="org.apache.commons.lang3.concurrent.ConcurrentUtilsTest" name="testInitializeUnchecked"/>
  <testcase time="0" classname="org.apache.commons.lang3.concurrent.ConcurrentUtilsTest" name="testConcurrentRuntimeExceptionCauseNull"/>
  <testcase time="0" classname="org.apache.commons.lang3.concurrent.ConcurrentUtilsTest" name="testConcurrentRuntimeExceptionCauseError"/>
  <testcase time="0" classname="org.apache.commons.lang3.concurrent.ConcurrentUtilsTest" name="testHandleCauseUncheckedException"/>
  <testcase time="0" classname="org.apache.commons.lang3.concurrent.ConcurrentUtilsTest" name="testHandleCauseUncheckedNull"/>
  <testcase time="0" classname="org.apache.commons.lang3.concurrent.ConcurrentUtilsTest" name="testConcurrentExceptionCauseUnchecked"/>
  <testcase time="0.001" classname="org.apache.commons.lang3.concurrent.ConcurrentUtilsTest" name="testInitializeUncheckedEx"/>
  <testcase time="0" classname="org.apache.commons.lang3.concurrent.ConcurrentUtilsTest" name="testInitializeUncheckedNull"/>
</testsuite>