<?xml version="1.0" encoding="UTF-8" ?>
<testsuite failures="0" time="0.002" errors="0" skipped="0" tests="42" name="org.apache.commons.lang3.builder.HashCodeBuilderTest">
  <properties>
    <property name="java.runtime.name" value="Java(TM) SE Runtime Environment"/>
    <property name="sun.boot.library.path" value="/usr/java/jdk1.7.0_80/jre/lib/amd64"/>
    <property name="java.vm.version" value="24.80-b11"/>
    <property name="java.vm.vendor" value="Oracle Corporation"/>
    <property name="java.vendor.url" value="http://java.oracle.com/"/>
    <property name="path.separator" value=":"/>
    <property name="guice.disable.misplaced.annotation.check" value="true"/>
    <property name="java.vm.name" value="Java HotSpot(TM) 64-Bit Server VM"/>
    <property name="file.encoding.pkg" value="sun.io"/>
    <property name="user.country" value="US"/>
    <property name="sun.java.launcher" value="SUN_STANDARD"/>
    <property name="sun.os.patch.level" value="unknown"/>
    <property name="java.vm.specification.name" value="Java Virtual Machine Specification"/>
    <property name="user.dir" value="/home/yiling/work/faultLocalization/AE/tool/examples/Lang-26"/>
    <property name="java.runtime.version" value="1.7.0_80-b15"/>
    <property name="java.awt.graphicsenv" value="sun.awt.X11GraphicsEnvironment"/>
    <property name="java.endorsed.dirs" value="/usr/java/jdk1.7.0_80/jre/lib/endorsed"/>
    <property name="os.arch" value="amd64"/>
    <property name="java.io.tmpdir" value="/tmp"/>
    <property name="line.separator" value="
"/>
    <property name="java.vm.specification.vendor" value="Oracle Corporation"/>
    <property name="os.name" value="Linux"/>
    <property name="https.protocols" value="TLSv1.2"/>
    <property name="classworlds.conf" value="/usr/share/maven/bin/m2.conf"/>
    <property name="sun.jnu.encoding" value="UTF-8"/>
    <property name="java.library.path" value="/usr/java/packages/lib/amd64:/usr/lib64:/lib64:/lib:/usr/lib"/>
    <property name="java.specification.name" value="Java Platform API Specification"/>
    <property name="java.class.version" value="51.0"/>
    <property name="sun.management.compiler" value="HotSpot 64-Bit Tiered Compilers"/>
    <property name="os.version" value="3.19.0-47-generic"/>
    <property name="user.home" value="/home/yiling"/>
    <property name="user.timezone" value="Asia/Harbin"/>
    <property name="java.awt.printerjob" value="sun.print.PSPrinterJob"/>
    <property name="file.encoding" value="UTF-8"/>
    <property name="java.specification.version" value="1.7"/>
    <property name="user.name" value="yiling"/>
    <property name="java.class.path" value="/usr/share/maven/boot/plexus-classworlds-2.x.jar"/>
    <property name="java.vm.specification.version" value="1.7"/>
    <property name="sun.arch.data.model" value="64"/>
    <property name="java.home" value="/usr/java/jdk1.7.0_80/jre"/>
    <property name="sun.java.command" value="org.codehaus.plexus.classworlds.launcher.Launcher clean test -Dhttps.protocols=TLSv1.2"/>
    <property name="java.specification.vendor" value="Oracle Corporation"/>
    <property name="user.language" value="en"/>
    <property name="awt.toolkit" value="sun.awt.X11.XToolkit"/>
    <property name="java.vm.info" value="mixed mode"/>
    <property name="java.version" value="1.7.0_80"/>
    <property name="java.ext.dirs" value="/usr/java/jdk1.7.0_80/jre/lib/ext:/usr/java/packages/lib/ext"/>
    <property name="securerandom.source" value="file:/dev/./urandom"/>
    <property name="sun.boot.class.path" value="/usr/java/jdk1.7.0_80/jre/lib/resources.jar:/usr/java/jdk1.7.0_80/jre/lib/rt.jar:/usr/java/jdk1.7.0_80/jre/lib/sunrsasign.jar:/usr/java/jdk1.7.0_80/jre/lib/jsse.jar:/usr/java/jdk1.7.0_80/jre/lib/jce.jar:/usr/java/jdk1.7.0_80/jre/lib/charsets.jar:/usr/java/jdk1.7.0_80/jre/lib/jfr.jar:/usr/java/jdk1.7.0_80/jre/classes"/>
    <property name="java.vendor" value="Oracle Corporation"/>
    <property name="maven.home" value="/usr/share/maven"/>
    <property name="file.separator" value="/"/>
    <property name="java.vendor.url.bug" value="http://bugreport.sun.com/bugreport/"/>
    <property name="sun.cpu.endian" value="little"/>
    <property name="sun.io.unicode.encoding" value="UnicodeLittle"/>
    <property name="sun.cpu.isalist" value=""/>
  </properties>
  <testcase time="0" classname="org.apache.commons.lang3.builder.HashCodeBuilderTest" name="testCharArray"/>
  <testcase time="0" classname="org.apache.commons.lang3.builder.HashCodeBuilderTest" name="testObjectArray"/>
  <testcase time="0" classname="org.apache.commons.lang3.builder.HashCodeBuilderTest" name="testObjectBuild"/>
  <testcase time="0" classname="org.apache.commons.lang3.builder.HashCodeBuilderTest" name="testCharArrayAsObject"/>
  <testcase time="0" classname="org.apache.commons.lang3.builder.HashCodeBuilderTest" name="testFloatArray"/>
  <testcase time="0" classname="org.apache.commons.lang3.builder.HashCodeBuilderTest" name="testInt"/>
  <testcase time="0" classname="org.apache.commons.lang3.builder.HashCodeBuilderTest" name="testByteArray"/>
  <testcase time="0" classname="org.apache.commons.lang3.builder.HashCodeBuilderTest" name="testFloat"/>
  <testcase time="0" classname="org.apache.commons.lang3.builder.HashCodeBuilderTest" name="testShort"/>
  <testcase time="0" classname="org.apache.commons.lang3.builder.HashCodeBuilderTest" name="testSuper"/>
  <testcase time="0" classname="org.apache.commons.lang3.builder.HashCodeBuilderTest" name="testByte"/>
  <testcase time="0" classname="org.apache.commons.lang3.builder.HashCodeBuilderTest" name="testChar"/>
  <testcase time="0" classname="org.apache.commons.lang3.builder.HashCodeBuilderTest" name="testLong"/>
  <testcase time="0" classname="org.apache.commons.lang3.builder.HashCodeBuilderTest" name="testFloatArrayAsObject"/>
  <testcase time="0" classname="org.apache.commons.lang3.builder.HashCodeBuilderTest" name="testIntArrayAsObject"/>
  <testcase time="0" classname="org.apache.commons.lang3.builder.HashCodeBuilderTest" name="testReflectionHashCodeEx1"/>
  <testcase time="0" classname="org.apache.commons.lang3.builder.HashCodeBuilderTest" name="testReflectionHashCodeEx2"/>
  <testcase time="0" classname="org.apache.commons.lang3.builder.HashCodeBuilderTest" name="testReflectionHashCodeEx3"/>
  <testcase time="0" classname="org.apache.commons.lang3.builder.HashCodeBuilderTest" name="testBoolean"/>
  <testcase time="0" classname="org.apache.commons.lang3.builder.HashCodeBuilderTest" name="testBooleanArray"/>
  <testcase time="0" classname="org.apache.commons.lang3.builder.HashCodeBuilderTest" name="testDoubleArrayAsObject"/>
  <testcase time="0" classname="org.apache.commons.lang3.builder.HashCodeBuilderTest" name="testReflectionHierarchyHashCodeEx1"/>
  <testcase time="0" classname="org.apache.commons.lang3.builder.HashCodeBuilderTest" name="testReflectionHierarchyHashCodeEx2"/>
  <testcase time="0" classname="org.apache.commons.lang3.builder.HashCodeBuilderTest" name="testConstructorEx1"/>
  <testcase time="0" classname="org.apache.commons.lang3.builder.HashCodeBuilderTest" name="testConstructorEx2"/>
  <testcase time="0.001" classname="org.apache.commons.lang3.builder.HashCodeBuilderTest" name="testReflectionObjectCycle"/>
  <testcase time="0" classname="org.apache.commons.lang3.builder.HashCodeBuilderTest" name="testReflectionHierarchyHashCode"/>
  <testcase time="0" classname="org.apache.commons.lang3.builder.HashCodeBuilderTest" name="testObjectArrayAsObject"/>
  <testcase time="0" classname="org.apache.commons.lang3.builder.HashCodeBuilderTest" name="testBooleanMultiArray"/>
  <testcase time="0" classname="org.apache.commons.lang3.builder.HashCodeBuilderTest" name="testLongArray"/>
  <testcase time="0" classname="org.apache.commons.lang3.builder.HashCodeBuilderTest" name="testShortArray"/>
  <testcase time="0" classname="org.apache.commons.lang3.builder.HashCodeBuilderTest" name="testIntArray"/>
  <testcase time="0" classname="org.apache.commons.lang3.builder.HashCodeBuilderTest" name="testDouble"/>
  <testcase time="0" classname="org.apache.commons.lang3.builder.HashCodeBuilderTest" name="testToHashCodeEqualsHashCode"/>
  <testcase time="0" classname="org.apache.commons.lang3.builder.HashCodeBuilderTest" name="testReflectionHashCode"/>
  <testcase time="0" classname="org.apache.commons.lang3.builder.HashCodeBuilderTest" name="testObject"/>
  <testcase time="0" classname="org.apache.commons.lang3.builder.HashCodeBuilderTest" name="testLongArrayAsObject"/>
  <testcase time="0.001" classname="org.apache.commons.lang3.builder.HashCodeBuilderTest" name="testByteArrayAsObject"/>
  <testcase time="0" classname="org.apache.commons.lang3.builder.HashCodeBuilderTest" name="testReflectionHashCodeExcludeFields"/>
  <testcase time="0" classname="org.apache.commons.lang3.builder.HashCodeBuilderTest" name="testShortArrayAsObject"/>
  <testcase time="0" classname="org.apache.commons.lang3.builder.HashCodeBuilderTest" name="testDoubleArray"/>
  <testcase time="0" classname="org.apache.commons.lang3.builder.HashCodeBuilderTest" name="testBooleanArrayAsObject"/>
</testsuite>