<?xml version="1.0" encoding="UTF-8" ?>
<testsuite failures="0" time="0.009" errors="0" skipped="0" tests="55" name="org.apache.commons.lang3.text.StrTokenizerTest">
  <properties>
    <property name="java.runtime.name" value="Java(TM) SE Runtime Environment"/>
    <property name="sun.boot.library.path" value="/usr/java/jdk1.7.0_80/jre/lib/amd64"/>
    <property name="java.vm.version" value="24.80-b11"/>
    <property name="java.vm.vendor" value="Oracle Corporation"/>
    <property name="java.vendor.url" value="http://java.oracle.com/"/>
    <property name="path.separator" value=":"/>
    <property name="guice.disable.misplaced.annotation.check" value="true"/>
    <property name="java.vm.name" value="Java HotSpot(TM) 64-Bit Server VM"/>
    <property name="file.encoding.pkg" value="sun.io"/>
    <property name="user.country" value="US"/>
    <property name="sun.java.launcher" value="SUN_STANDARD"/>
    <property name="sun.os.patch.level" value="unknown"/>
    <property name="java.vm.specification.name" value="Java Virtual Machine Specification"/>
    <property name="user.dir" value="/home/yiling/work/faultLocalization/AE/tool/examples/Lang-26"/>
    <property name="java.runtime.version" value="1.7.0_80-b15"/>
    <property name="java.awt.graphicsenv" value="sun.awt.X11GraphicsEnvironment"/>
    <property name="java.endorsed.dirs" value="/usr/java/jdk1.7.0_80/jre/lib/endorsed"/>
    <property name="os.arch" value="amd64"/>
    <property name="java.io.tmpdir" value="/tmp"/>
    <property name="line.separator" value="
"/>
    <property name="java.vm.specification.vendor" value="Oracle Corporation"/>
    <property name="os.name" value="Linux"/>
    <property name="https.protocols" value="TLSv1.2"/>
    <property name="classworlds.conf" value="/usr/share/maven/bin/m2.conf"/>
    <property name="sun.jnu.encoding" value="UTF-8"/>
    <property name="java.library.path" value="/usr/java/packages/lib/amd64:/usr/lib64:/lib64:/lib:/usr/lib"/>
    <property name="java.specification.name" value="Java Platform API Specification"/>
    <property name="java.class.version" value="51.0"/>
    <property name="sun.management.compiler" value="HotSpot 64-Bit Tiered Compilers"/>
    <property name="os.version" value="3.19.0-47-generic"/>
    <property name="user.home" value="/home/yiling"/>
    <property name="user.timezone" value="Asia/Harbin"/>
    <property name="java.awt.printerjob" value="sun.print.PSPrinterJob"/>
    <property name="file.encoding" value="UTF-8"/>
    <property name="java.specification.version" value="1.7"/>
    <property name="user.name" value="yiling"/>
    <property name="java.class.path" value="/usr/share/maven/boot/plexus-classworlds-2.x.jar"/>
    <property name="java.vm.specification.version" value="1.7"/>
    <property name="sun.arch.data.model" value="64"/>
    <property name="java.home" value="/usr/java/jdk1.7.0_80/jre"/>
    <property name="sun.java.command" value="org.codehaus.plexus.classworlds.launcher.Launcher clean test -Dhttps.protocols=TLSv1.2"/>
    <property name="java.specification.vendor" value="Oracle Corporation"/>
    <property name="user.language" value="en"/>
    <property name="awt.toolkit" value="sun.awt.X11.XToolkit"/>
    <property name="java.vm.info" value="mixed mode"/>
    <property name="java.version" value="1.7.0_80"/>
    <property name="java.ext.dirs" value="/usr/java/jdk1.7.0_80/jre/lib/ext:/usr/java/packages/lib/ext"/>
    <property name="securerandom.source" value="file:/dev/./urandom"/>
    <property name="sun.boot.class.path" value="/usr/java/jdk1.7.0_80/jre/lib/resources.jar:/usr/java/jdk1.7.0_80/jre/lib/rt.jar:/usr/java/jdk1.7.0_80/jre/lib/sunrsasign.jar:/usr/java/jdk1.7.0_80/jre/lib/jsse.jar:/usr/java/jdk1.7.0_80/jre/lib/jce.jar:/usr/java/jdk1.7.0_80/jre/lib/charsets.jar:/usr/java/jdk1.7.0_80/jre/lib/jfr.jar:/usr/java/jdk1.7.0_80/jre/classes"/>
    <property name="java.vendor" value="Oracle Corporation"/>
    <property name="maven.home" value="/usr/share/maven"/>
    <property name="file.separator" value="/"/>
    <property name="java.vendor.url.bug" value="http://bugreport.sun.com/bugreport/"/>
    <property name="sun.cpu.endian" value="little"/>
    <property name="sun.io.unicode.encoding" value="UnicodeLittle"/>
    <property name="sun.cpu.isalist" value=""/>
  </properties>
  <testcase time="0.004" classname="org.apache.commons.lang3.text.StrTokenizerTest" name="testCSVSimple"/>
  <testcase time="0" classname="org.apache.commons.lang3.text.StrTokenizerTest" name="testBasicDelim1"/>
  <testcase time="0" classname="org.apache.commons.lang3.text.StrTokenizerTest" name="testBasicDelim2"/>
  <testcase time="0" classname="org.apache.commons.lang3.text.StrTokenizerTest" name="testBasicEmpty1"/>
  <testcase time="0" classname="org.apache.commons.lang3.text.StrTokenizerTest" name="testBasicEmpty2"/>
  <testcase time="0" classname="org.apache.commons.lang3.text.StrTokenizerTest" name="testConstructor_charArray_char"/>
  <testcase time="0" classname="org.apache.commons.lang3.text.StrTokenizerTest" name="testTSV"/>
  <testcase time="0" classname="org.apache.commons.lang3.text.StrTokenizerTest" name="testIteration"/>
  <testcase time="0" classname="org.apache.commons.lang3.text.StrTokenizerTest" name="testConstructor_String_char_char"/>
  <testcase time="0" classname="org.apache.commons.lang3.text.StrTokenizerTest" name="testReset"/>
  <testcase time="0" classname="org.apache.commons.lang3.text.StrTokenizerTest" name="testReset_charArray"/>
  <testcase time="0" classname="org.apache.commons.lang3.text.StrTokenizerTest" name="testToString"/>
  <testcase time="0" classname="org.apache.commons.lang3.text.StrTokenizerTest" name="testTokenizeSubclassOutputChange"/>
  <testcase time="0" classname="org.apache.commons.lang3.text.StrTokenizerTest" name="testListArray"/>
  <testcase time="0" classname="org.apache.commons.lang3.text.StrTokenizerTest" name="testBasicQuoted1"/>
  <testcase time="0" classname="org.apache.commons.lang3.text.StrTokenizerTest" name="testBasicQuoted2"/>
  <testcase time="0" classname="org.apache.commons.lang3.text.StrTokenizerTest" name="testBasicQuoted3"/>
  <testcase time="0" classname="org.apache.commons.lang3.text.StrTokenizerTest" name="testBasicQuoted4"/>
  <testcase time="0" classname="org.apache.commons.lang3.text.StrTokenizerTest" name="testBasicQuoted5"/>
  <testcase time="0.001" classname="org.apache.commons.lang3.text.StrTokenizerTest" name="testBasicQuoted6"/>
  <testcase time="0" classname="org.apache.commons.lang3.text.StrTokenizerTest" name="testBasicQuoted7"/>
  <testcase time="0" classname="org.apache.commons.lang3.text.StrTokenizerTest" name="testCloneNotSupportedException"/>
  <testcase time="0" classname="org.apache.commons.lang3.text.StrTokenizerTest" name="testReset_String"/>
  <testcase time="0.001" classname="org.apache.commons.lang3.text.StrTokenizerTest" name="testTSVEmpty"/>
  <testcase time="0" classname="org.apache.commons.lang3.text.StrTokenizerTest" name="testConstructor_String"/>
  <testcase time="0" classname="org.apache.commons.lang3.text.StrTokenizerTest" name="testCloneNull"/>
  <testcase time="0" classname="org.apache.commons.lang3.text.StrTokenizerTest" name="test1"/>
  <testcase time="0.001" classname="org.apache.commons.lang3.text.StrTokenizerTest" name="test2"/>
  <testcase time="0" classname="org.apache.commons.lang3.text.StrTokenizerTest" name="test3"/>
  <testcase time="0" classname="org.apache.commons.lang3.text.StrTokenizerTest" name="test4"/>
  <testcase time="0" classname="org.apache.commons.lang3.text.StrTokenizerTest" name="test5"/>
  <testcase time="0.001" classname="org.apache.commons.lang3.text.StrTokenizerTest" name="test6"/>
  <testcase time="0" classname="org.apache.commons.lang3.text.StrTokenizerTest" name="test7"/>
  <testcase time="0" classname="org.apache.commons.lang3.text.StrTokenizerTest" name="test8"/>
  <testcase time="0" classname="org.apache.commons.lang3.text.StrTokenizerTest" name="testConstructor_String_char"/>
  <testcase time="0" classname="org.apache.commons.lang3.text.StrTokenizerTest" name="testTokenizeSubclassInputChange"/>
  <testcase time="0" classname="org.apache.commons.lang3.text.StrTokenizerTest" name="testCSVEmpty"/>
  <testcase time="0" classname="org.apache.commons.lang3.text.StrTokenizerTest" name="testConstructor_charArray"/>
  <testcase time="0" classname="org.apache.commons.lang3.text.StrTokenizerTest" name="testConstructor_charArray_char_char"/>
  <testcase time="0" classname="org.apache.commons.lang3.text.StrTokenizerTest" name="testCSVSimpleNeedsTrim"/>
  <testcase time="0" classname="org.apache.commons.lang3.text.StrTokenizerTest" name="testBasicIgnoreTrimmed1"/>
  <testcase time="0" classname="org.apache.commons.lang3.text.StrTokenizerTest" name="testBasicIgnoreTrimmed2"/>
  <testcase time="0" classname="org.apache.commons.lang3.text.StrTokenizerTest" name="testBasicIgnoreTrimmed3"/>
  <testcase time="0" classname="org.apache.commons.lang3.text.StrTokenizerTest" name="testBasicIgnoreTrimmed4"/>
  <testcase time="0" classname="org.apache.commons.lang3.text.StrTokenizerTest" name="testBasicQuotedTrimmed1"/>
  <testcase time="0" classname="org.apache.commons.lang3.text.StrTokenizerTest" name="testBasic1"/>
  <testcase time="0.001" classname="org.apache.commons.lang3.text.StrTokenizerTest" name="testBasic2"/>
  <testcase time="0" classname="org.apache.commons.lang3.text.StrTokenizerTest" name="testBasic3"/>
  <testcase time="0" classname="org.apache.commons.lang3.text.StrTokenizerTest" name="testBasic4"/>
  <testcase time="0" classname="org.apache.commons.lang3.text.StrTokenizerTest" name="testBasic5"/>
  <testcase time="0" classname="org.apache.commons.lang3.text.StrTokenizerTest" name="testGetContent"/>
  <testcase time="0" classname="org.apache.commons.lang3.text.StrTokenizerTest" name="testCloneReset"/>
  <testcase time="0" classname="org.apache.commons.lang3.text.StrTokenizerTest" name="testBasicTrimmed1"/>
  <testcase time="0" classname="org.apache.commons.lang3.text.StrTokenizerTest" name="testBasicTrimmed2"/>
  <testcase time="0" classname="org.apache.commons.lang3.text.StrTokenizerTest" name="testChaining"/>
</testsuite>